2022-09-07T10:47:28+00:00 CRITICAL Uncaught TypeError: call_user_func_array(): Argument #1 ($callback) must be a valid callback, function "dodaj tekst" not found or invalid function name in /home/mmarjanovic/public_html/roman/wp-includes/class-wp-hook.php:307
Stack trace:
#0 /home/mmarjanovic/public_html/roman/wp-includes/class-wp-hook.php(331): WP_Hook->apply_filters('', Array)
#1 /home/mmarjanovic/public_html/roman/wp-includes/plugin.php(476): WP_Hook->do_action(Array)
#2 /home/mmarjanovic/public_html/roman/wp-content/plugins/woocommerce/templates/single-product/add-to-cart/simple.php(30): do_action('woocommerce_bef...')
#3 /home/mmarjanovic/public_html/roman/wp-content/plugins/woocommerce/includes/wc-core-functions.php(345): include('/home/mmarjanov...')
#4 /home/mmarjanovic/public_html/roman/wp-content/plugins/woocommerce/includes/wc-template-functions.php(1696): wc_get_template('single-product/...')
#5 /home/mmarjanovic/public_html/roman/wp-includes/class-wp-hook.php(307): woocommerce_simple_add_to_cart('')
#6 /home/mmarjanovic/public_html/roman/wp-includes/class-wp-hook.php(331): WP_Hook->apply_filters('', Array)
#7 /home/mmarjanovic/public_html/roman/wp-includes/plugin.php(476): WP_Hook->do_action(Array)
#8 /home/mmarjanovic/public_html/roman/wp-content/plugins/woocommerce/includes/wc-template-functions.php(1687): do_action('woocommerce_sim...')
#9 /home/mmarjanovic/public_html/roman/wp-content/themes/Divi/includes/builder/feature/woocommerce-modules.php(1121): woocommerce_template_single_add_to_cart()
#10 /home/mmarjanovic/public_html/roman/wp-content/themes/Divi/includes/builder/module/woocommerce/AddToCart.php(477): et_builder_wc_render_module_template('woocommerce_tem...', Array, Array)
#11 /home/mmarjanovic/public_html/roman/wp-content/themes/Divi/includes/builder/functions.php(1347): ET_Builder_Module_Woocommerce_Add_To_Cart::get_add_to_cart()
#12 /home/mmarjanovic/public_html/roman/wp-content/themes/Divi/includes/builder/functions.php(1606): et_fb_current_page_woocommerce_components()
#13 /home/mmarjanovic/public_html/roman/wp-content/themes/Divi/includes/builder/frontend-builder/helpers.php(350): et_fb_current_page_params()
#14 /home/mmarjanovic/public_html/roman/wp-content/themes/Divi/includes/builder/frontend-builder/helpers.php(2809): et_fb_get_dynamic_backend_helpers()
#15 /home/mmarjanovic/public_html/roman/wp-includes/class-wp-hook.php(307): et_fb_backend_helpers('')
#16 /home/mmarjanovic/public_html/roman/wp-includes/class-wp-hook.php(331): WP_Hook->apply_filters('', Array)
#17 /home/mmarjanovic/public_html/roman/wp-includes/plugin.php(476): WP_Hook->do_action(Array)
#18 /home/mmarjanovic/public_html/roman/wp-content/themes/Divi/includes/builder/frontend-builder/assets.php(349): do_action('et_fb_enqueue_a...')
#19 /home/mmarjanovic/public_html/roman/wp-content/themes/Divi/includes/builder/frontend-builder/view.php(119): et_fb_enqueue_assets()
#20 /home/mmarjanovic/public_html/roman/wp-includes/class-wp-hook.php(307): et_fb_wp_footer('')
#21 /home/mmarjanovic/public_html/roman/wp-includes/class-wp-hook.php(331): WP_Hook->apply_filters(NULL, Array)
#22 /home/mmarjanovic/public_html/roman/wp-includes/plugin.php(476): WP_Hook->do_action(Array)
#23 /home/mmarjanovic/public_html/roman/wp-includes/general-template.php(3058): do_action('wp_footer')
#24 /home/mmarjanovic/public_html/roman/wp-content/themes/Divi/includes/builder/frontend-builder/theme-builder/frontend-footer-template.php(18): wp_footer()
#25 /home/mmarjanovic/public_html/roman/wp-content/themes/Divi/includes/builder/frontend-builder/theme-builder/frontend.php(216): require_once('/home/mmarjanov...')
#26 /home/mmarjanovic/public_html/roman/wp-content/themes/Divi/includes/builder/frontend-builder/theme-builder/frontend.php(260): et_theme_builder_frontend_override_partial('footer', '', 'wp_footer')
#27 /home/mmarjanovic/public_html/roman/wp-includes/class-wp-hook.php(309): et_theme_builder_frontend_override_footer(NULL)
#28 /home/mmarjanovic/public_html/roman/wp-includes/class-wp-hook.php(331): WP_Hook->apply_filters('', Array)
#29 /home/mmarjanovic/public_html/roman/wp-includes/plugin.php(476): WP_Hook->do_action(Array)
#30 /home/mmarjanovic/public_html/roman/wp-includes/general-template.php(82): do_action('get_footer', NULL, Array)
#31 /home/mmarjanovic/public_html/roman/wp-content/themes/Divi/page.php(75): get_footer()
#32 /home/mmarjanovic/public_html/roman/wp-includes/template-loader.php(106): include('/home/mmarjanov...')
#33 /home/mmarjanovic/public_html/roman/wp-blog-header.php(19): require_once('/home/mmarjanov...')
#34 /home/mmarjanovic/public_html/roman/index.php(17): require('/home/mmarjanov...')
#35 {main}
  thrown in /home/mmarjanovic/public_html/roman/wp-includes/class-wp-hook.php on line 307

2022-09-07T10:48:03+00:00 CRITICAL Uncaught TypeError: call_user_func_array(): Argument #1 ($callback) must be a valid callback, function "dodaj tekst" not found or invalid function name in /home/mmarjanovic/public_html/roman/wp-includes/class-wp-hook.php:307
Stack trace:
#0 /home/mmarjanovic/public_html/roman/wp-includes/class-wp-hook.php(331): WP_Hook->apply_filters('', Array)
#1 /home/mmarjanovic/public_html/roman/wp-includes/plugin.php(476): WP_Hook->do_action(Array)
#2 /home/mmarjanovic/public_html/roman/wp-content/plugins/woocommerce/templates/single-product/add-to-cart/simple.php(30): do_action('woocommerce_bef...')
#3 /home/mmarjanovic/public_html/roman/wp-content/plugins/woocommerce/includes/wc-core-functions.php(345): include('/home/mmarjanov...')
#4 /home/mmarjanovic/public_html/roman/wp-content/plugins/woocommerce/includes/wc-template-functions.php(1696): wc_get_template('single-product/...')
#5 /home/mmarjanovic/public_html/roman/wp-includes/class-wp-hook.php(307): woocommerce_simple_add_to_cart('')
#6 /home/mmarjanovic/public_html/roman/wp-includes/class-wp-hook.php(331): WP_Hook->apply_filters('', Array)
#7 /home/mmarjanovic/public_html/roman/wp-includes/plugin.php(476): WP_Hook->do_action(Array)
#8 /home/mmarjanovic/public_html/roman/wp-content/plugins/woocommerce/includes/wc-template-functions.php(1687): do_action('woocommerce_sim...')
#9 /home/mmarjanovic/public_html/roman/wp-content/themes/Divi/includes/builder/feature/woocommerce-modules.php(1121): woocommerce_template_single_add_to_cart()
#10 /home/mmarjanovic/public_html/roman/wp-content/themes/Divi/includes/builder/module/woocommerce/AddToCart.php(477): et_builder_wc_render_module_template('woocommerce_tem...', Array, Array)
#11 /home/mmarjanovic/public_html/roman/wp-content/themes/Divi/includes/builder/functions.php(1347): ET_Builder_Module_Woocommerce_Add_To_Cart::get_add_to_cart()
#12 /home/mmarjanovic/public_html/roman/wp-content/themes/Divi/includes/builder/functions.php(1606): et_fb_current_page_woocommerce_components()
#13 /home/mmarjanovic/public_html/roman/wp-content/themes/Divi/includes/builder/frontend-builder/helpers.php(350): et_fb_current_page_params()
#14 /home/mmarjanovic/public_html/roman/wp-content/themes/Divi/includes/builder/frontend-builder/helpers.php(2809): et_fb_get_dynamic_backend_helpers()
#15 /home/mmarjanovic/public_html/roman/wp-includes/class-wp-hook.php(307): et_fb_backend_helpers('')
#16 /home/mmarjanovic/public_html/roman/wp-includes/class-wp-hook.php(331): WP_Hook->apply_filters('', Array)
#17 /home/mmarjanovic/public_html/roman/wp-includes/plugin.php(476): WP_Hook->do_action(Array)
#18 /home/mmarjanovic/public_html/roman/wp-content/themes/Divi/includes/builder/frontend-builder/assets.php(349): do_action('et_fb_enqueue_a...')
#19 /home/mmarjanovic/public_html/roman/wp-content/themes/Divi/includes/builder/frontend-builder/view.php(119): et_fb_enqueue_assets()
#20 /home/mmarjanovic/public_html/roman/wp-includes/class-wp-hook.php(307): et_fb_wp_footer('')
#21 /home/mmarjanovic/public_html/roman/wp-includes/class-wp-hook.php(331): WP_Hook->apply_filters(NULL, Array)
#22 /home/mmarjanovic/public_html/roman/wp-includes/plugin.php(476): WP_Hook->do_action(Array)
#23 /home/mmarjanovic/public_html/roman/wp-includes/general-template.php(3058): do_action('wp_footer')
#24 /home/mmarjanovic/public_html/roman/wp-content/themes/Divi/includes/builder/frontend-builder/theme-builder/frontend-footer-template.php(18): wp_footer()
#25 /home/mmarjanovic/public_html/roman/wp-content/themes/Divi/includes/builder/frontend-builder/theme-builder/frontend.php(216): require_once('/home/mmarjanov...')
#26 /home/mmarjanovic/public_html/roman/wp-content/themes/Divi/includes/builder/frontend-builder/theme-builder/frontend.php(260): et_theme_builder_frontend_override_partial('footer', '', 'wp_footer')
#27 /home/mmarjanovic/public_html/roman/wp-includes/class-wp-hook.php(309): et_theme_builder_frontend_override_footer(NULL)
#28 /home/mmarjanovic/public_html/roman/wp-includes/class-wp-hook.php(331): WP_Hook->apply_filters('', Array)
#29 /home/mmarjanovic/public_html/roman/wp-includes/plugin.php(476): WP_Hook->do_action(Array)
#30 /home/mmarjanovic/public_html/roman/wp-includes/general-template.php(82): do_action('get_footer', NULL, Array)
#31 /home/mmarjanovic/public_html/roman/wp-content/themes/Divi/page.php(75): get_footer()
#32 /home/mmarjanovic/public_html/roman/wp-includes/template-loader.php(106): include('/home/mmarjanov...')
#33 /home/mmarjanovic/public_html/roman/wp-blog-header.php(19): require_once('/home/mmarjanov...')
#34 /home/mmarjanovic/public_html/roman/index.php(17): require('/home/mmarjanov...')
#35 {main}
  thrown in /home/mmarjanovic/public_html/roman/wp-includes/class-wp-hook.php on line 307

2022-09-07T10:48:36+00:00 CRITICAL Uncaught TypeError: call_user_func_array(): Argument #1 ($callback) must be a valid callback, function "dodaj tekst" not found or invalid function name in /home/mmarjanovic/public_html/roman/wp-includes/class-wp-hook.php:307
Stack trace:
#0 /home/mmarjanovic/public_html/roman/wp-includes/class-wp-hook.php(331): WP_Hook->apply_filters('', Array)
#1 /home/mmarjanovic/public_html/roman/wp-includes/plugin.php(476): WP_Hook->do_action(Array)
#2 /home/mmarjanovic/public_html/roman/wp-content/plugins/woocommerce/templates/single-product/add-to-cart/simple.php(30): do_action('woocommerce_bef...')
#3 /home/mmarjanovic/public_html/roman/wp-content/plugins/woocommerce/includes/wc-core-functions.php(345): include('/home/mmarjanov...')
#4 /home/mmarjanovic/public_html/roman/wp-content/plugins/woocommerce/includes/wc-template-functions.php(1696): wc_get_template('single-product/...')
#5 /home/mmarjanovic/public_html/roman/wp-includes/class-wp-hook.php(307): woocommerce_simple_add_to_cart('')
#6 /home/mmarjanovic/public_html/roman/wp-includes/class-wp-hook.php(331): WP_Hook->apply_filters('', Array)
#7 /home/mmarjanovic/public_html/roman/wp-includes/plugin.php(476): WP_Hook->do_action(Array)
#8 /home/mmarjanovic/public_html/roman/wp-content/plugins/woocommerce/includes/wc-template-functions.php(1687): do_action('woocommerce_sim...')
#9 /home/mmarjanovic/public_html/roman/wp-content/themes/Divi/includes/builder/feature/woocommerce-modules.php(1121): woocommerce_template_single_add_to_cart()
#10 /home/mmarjanovic/public_html/roman/wp-content/themes/Divi/includes/builder/module/woocommerce/AddToCart.php(477): et_builder_wc_render_module_template('woocommerce_tem...', Array, Array)
#11 /home/mmarjanovic/public_html/roman/wp-content/themes/Divi/includes/builder/functions.php(1347): ET_Builder_Module_Woocommerce_Add_To_Cart::get_add_to_cart()
#12 /home/mmarjanovic/public_html/roman/wp-content/themes/Divi/includes/builder/functions.php(1606): et_fb_current_page_woocommerce_components()
#13 /home/mmarjanovic/public_html/roman/wp-content/themes/Divi/includes/builder/frontend-builder/helpers.php(350): et_fb_current_page_params()
#14 /home/mmarjanovic/public_html/roman/wp-content/themes/Divi/includes/builder/frontend-builder/helpers.php(2809): et_fb_get_dynamic_backend_helpers()
#15 /home/mmarjanovic/public_html/roman/wp-includes/class-wp-hook.php(307): et_fb_backend_helpers('')
#16 /home/mmarjanovic/public_html/roman/wp-includes/class-wp-hook.php(331): WP_Hook->apply_filters('', Array)
#17 /home/mmarjanovic/public_html/roman/wp-includes/plugin.php(476): WP_Hook->do_action(Array)
#18 /home/mmarjanovic/public_html/roman/wp-content/themes/Divi/includes/builder/frontend-builder/assets.php(349): do_action('et_fb_enqueue_a...')
#19 /home/mmarjanovic/public_html/roman/wp-content/themes/Divi/includes/builder/frontend-builder/view.php(119): et_fb_enqueue_assets()
#20 /home/mmarjanovic/public_html/roman/wp-includes/class-wp-hook.php(307): et_fb_wp_footer('')
#21 /home/mmarjanovic/public_html/roman/wp-includes/class-wp-hook.php(331): WP_Hook->apply_filters(NULL, Array)
#22 /home/mmarjanovic/public_html/roman/wp-includes/plugin.php(476): WP_Hook->do_action(Array)
#23 /home/mmarjanovic/public_html/roman/wp-includes/general-template.php(3058): do_action('wp_footer')
#24 /home/mmarjanovic/public_html/roman/wp-content/themes/Divi/includes/builder/frontend-builder/theme-builder/frontend-footer-template.php(18): wp_footer()
#25 /home/mmarjanovic/public_html/roman/wp-content/themes/Divi/includes/builder/frontend-builder/theme-builder/frontend.php(216): require_once('/home/mmarjanov...')
#26 /home/mmarjanovic/public_html/roman/wp-content/themes/Divi/includes/builder/frontend-builder/theme-builder/frontend.php(260): et_theme_builder_frontend_override_partial('footer', '', 'wp_footer')
#27 /home/mmarjanovic/public_html/roman/wp-includes/class-wp-hook.php(309): et_theme_builder_frontend_override_footer(NULL)
#28 /home/mmarjanovic/public_html/roman/wp-includes/class-wp-hook.php(331): WP_Hook->apply_filters('', Array)
#29 /home/mmarjanovic/public_html/roman/wp-includes/plugin.php(476): WP_Hook->do_action(Array)
#30 /home/mmarjanovic/public_html/roman/wp-includes/general-template.php(82): do_action('get_footer', NULL, Array)
#31 /home/mmarjanovic/public_html/roman/wp-content/themes/Divi/page.php(75): get_footer()
#32 /home/mmarjanovic/public_html/roman/wp-includes/template-loader.php(106): include('/home/mmarjanov...')
#33 /home/mmarjanovic/public_html/roman/wp-blog-header.php(19): require_once('/home/mmarjanov...')
#34 /home/mmarjanovic/public_html/roman/index.php(17): require('/home/mmarjanov...')
#35 {main}
  thrown in /home/mmarjanovic/public_html/roman/wp-includes/class-wp-hook.php on line 307

