2022-09-17T12:23:22+00:00 CRITICAL Uncaught TypeError: call_user_func_array(): Argument #1 ($callback) must be a valid callback, function "color: #5D3137" not found or invalid function name in /home/mmarjanovic/public_html/projekat/wp-includes/class-wp-hook.php:307
Stack trace:
#0 /home/mmarjanovic/public_html/projekat/wp-includes/plugin.php(191): WP_Hook->apply_filters(true, Array)
#1 /home/mmarjanovic/public_html/projekat/wp-content/themes/astra/inc/blog/single-blog.php(245): apply_filters('astra_single_po...', true)
#2 /home/mmarjanovic/public_html/projekat/wp-includes/class-wp-hook.php(307): astra_single_post_navigation_markup('')
#3 /home/mmarjanovic/public_html/projekat/wp-includes/class-wp-hook.php(331): WP_Hook->apply_filters('', Array)
#4 /home/mmarjanovic/public_html/projekat/wp-includes/plugin.php(476): WP_Hook->do_action(Array)
#5 /home/mmarjanovic/public_html/projekat/wp-content/themes/astra/inc/core/theme-hooks.php(290): do_action('astra_entry_aft...')
#6 /home/mmarjanovic/public_html/projekat/wp-content/themes/astra/template-parts/content-single.php(35): astra_entry_after()
#7 /home/mmarjanovic/public_html/projekat/wp-includes/template.php(772): require('/home/mmarjanov...')
#8 /home/mmarjanovic/public_html/projekat/wp-includes/template.php(716): load_template('/home/mmarjanov...', false, Array)
#9 /home/mmarjanovic/public_html/projekat/wp-includes/general-template.php(204): locate_template(Array, true, false, Array)
#10 /home/mmarjanovic/public_html/projekat/wp-content/themes/astra/inc/class-astra-loop.php(120): get_template_part('template-parts/...', 'single')
#11 /home/mmarjanovic/public_html/projekat/wp-includes/class-wp-hook.php(307): Astra_Loop->template_parts_post('')
#12 /home/mmarjanovic/public_html/projekat/wp-includes/class-wp-hook.php(331): WP_Hook->apply_filters('', Array)
#13 /home/mmarjanovic/public_html/projekat/wp-includes/plugin.php(476): WP_Hook->do_action(Array)
#14 /home/mmarjanovic/public_html/projekat/wp-content/themes/astra/inc/class-astra-loop.php(199): do_action('astra_template_...')
#15 /home/mmarjanovic/public_html/projekat/wp-includes/class-wp-hook.php(307): Astra_Loop->loop_markup('')
#16 /home/mmarjanovic/public_html/projekat/wp-includes/class-wp-hook.php(331): WP_Hook->apply_filters('', Array)
#17 /home/mmarjanovic/public_html/projekat/wp-includes/plugin.php(476): WP_Hook->do_action(Array)
#18 /home/mmarjanovic/public_html/projekat/wp-content/themes/astra/inc/core/theme-hooks.php(258): do_action('astra_content_l...')
#19 /home/mmarjanovic/public_html/projekat/wp-content/themes/astra/single.php(27): astra_content_loop()
#20 /home/mmarjanovic/public_html/projekat/wp-includes/template-loader.php(106): include('/home/mmarjanov...')
#21 /home/mmarjanovic/public_html/projekat/wp-blog-header.php(19): require_once('/home/mmarjanov...')
#22 /home/mmarjanovic/public_html/projekat/index.php(17): require('/home/mmarjanov...')
#23 {main}
  thrown in /home/mmarjanovic/public_html/projekat/wp-includes/class-wp-hook.php on line 307

2022-09-17T12:23:28+00:00 CRITICAL Uncaught TypeError: call_user_func_array(): Argument #1 ($callback) must be a valid callback, function "color: #5D3137" not found or invalid function name in /home/mmarjanovic/public_html/projekat/wp-includes/class-wp-hook.php:307
Stack trace:
#0 /home/mmarjanovic/public_html/projekat/wp-includes/plugin.php(191): WP_Hook->apply_filters(true, Array)
#1 /home/mmarjanovic/public_html/projekat/wp-content/themes/astra/inc/blog/single-blog.php(245): apply_filters('astra_single_po...', true)
#2 /home/mmarjanovic/public_html/projekat/wp-includes/class-wp-hook.php(307): astra_single_post_navigation_markup('')
#3 /home/mmarjanovic/public_html/projekat/wp-includes/class-wp-hook.php(331): WP_Hook->apply_filters('', Array)
#4 /home/mmarjanovic/public_html/projekat/wp-includes/plugin.php(476): WP_Hook->do_action(Array)
#5 /home/mmarjanovic/public_html/projekat/wp-content/themes/astra/inc/core/theme-hooks.php(290): do_action('astra_entry_aft...')
#6 /home/mmarjanovic/public_html/projekat/wp-content/themes/astra/template-parts/content-single.php(35): astra_entry_after()
#7 /home/mmarjanovic/public_html/projekat/wp-includes/template.php(772): require('/home/mmarjanov...')
#8 /home/mmarjanovic/public_html/projekat/wp-includes/template.php(716): load_template('/home/mmarjanov...', false, Array)
#9 /home/mmarjanovic/public_html/projekat/wp-includes/general-template.php(204): locate_template(Array, true, false, Array)
#10 /home/mmarjanovic/public_html/projekat/wp-content/themes/astra/inc/class-astra-loop.php(120): get_template_part('template-parts/...', 'single')
#11 /home/mmarjanovic/public_html/projekat/wp-includes/class-wp-hook.php(307): Astra_Loop->template_parts_post('')
#12 /home/mmarjanovic/public_html/projekat/wp-includes/class-wp-hook.php(331): WP_Hook->apply_filters('', Array)
#13 /home/mmarjanovic/public_html/projekat/wp-includes/plugin.php(476): WP_Hook->do_action(Array)
#14 /home/mmarjanovic/public_html/projekat/wp-content/themes/astra/inc/class-astra-loop.php(199): do_action('astra_template_...')
#15 /home/mmarjanovic/public_html/projekat/wp-includes/class-wp-hook.php(307): Astra_Loop->loop_markup('')
#16 /home/mmarjanovic/public_html/projekat/wp-includes/class-wp-hook.php(331): WP_Hook->apply_filters('', Array)
#17 /home/mmarjanovic/public_html/projekat/wp-includes/plugin.php(476): WP_Hook->do_action(Array)
#18 /home/mmarjanovic/public_html/projekat/wp-content/themes/astra/inc/core/theme-hooks.php(258): do_action('astra_content_l...')
#19 /home/mmarjanovic/public_html/projekat/wp-content/themes/astra/single.php(27): astra_content_loop()
#20 /home/mmarjanovic/public_html/projekat/wp-includes/template-loader.php(106): include('/home/mmarjanov...')
#21 /home/mmarjanovic/public_html/projekat/wp-blog-header.php(19): require_once('/home/mmarjanov...')
#22 /home/mmarjanovic/public_html/projekat/index.php(17): require('/home/mmarjanov...')
#23 {main}
  thrown in /home/mmarjanovic/public_html/projekat/wp-includes/class-wp-hook.php on line 307

